C:\TEST\1\CLOACKED-PIXEL-MASTER\PNG_STEGO\ZLIB-1.2.3\PROJECTS\VS2012\WIN32_LIB_DEBUG\ADLER32.OBJ
C:\TEST\1\CLOACKED-PIXEL-MASTER\PNG_STEGO\ZLIB-1.2.3\PROJECTS\VS2012\WIN32_LIB_DEBUG\COMPRESS.OBJ
C:\TEST\1\CLOACKED-PIXEL-MASTER\PNG_STEGO\ZLIB-1.2.3\PROJECTS\VS2012\WIN32_LIB_DEBUG\CRC32.OBJ
C:\TEST\1\CLOACKED-PIXEL-MASTER\PNG_STEGO\ZLIB-1.2.3\PROJECTS\VS2012\WIN32_LIB_DEBUG\DEFLATE.OBJ
C:\TEST\1\CLOACKED-PIXEL-MASTER\PNG_STEGO\ZLIB-1.2.3\PROJECTS\VS2012\WIN32_LIB_DEBUG\GZIO.OBJ
C:\TEST\1\CLOACKED-PIXEL-MASTER\PNG_STEGO\ZLIB-1.2.3\PROJECTS\VS2012\WIN32_LIB_DEBUG\INFBACK.OBJ
C:\TEST\1\CLOACKED-PIXEL-MASTER\PNG_STEGO\ZLIB-1.2.3\PROJECTS\VS2012\WIN32_LIB_DEBUG\INFFAST.OBJ
C:\TEST\1\CLOACKED-PIXEL-MASTER\PNG_STEGO\ZLIB-1.2.3\PROJECTS\VS2012\WIN32_LIB_DEBUG\INFLATE.OBJ
C:\TEST\1\CLOACKED-PIXEL-MASTER\PNG_STEGO\ZLIB-1.2.3\PROJECTS\VS2012\WIN32_LIB_DEBUG\INFTREES.OBJ
C:\TEST\1\CLOACKED-PIXEL-MASTER\PNG_STEGO\ZLIB-1.2.3\PROJECTS\VS2012\WIN32_LIB_DEBUG\TREES.OBJ
C:\TEST\1\CLOACKED-PIXEL-MASTER\PNG_STEGO\ZLIB-1.2.3\PROJECTS\VS2012\WIN32_LIB_DEBUG\UNCOMPR.OBJ
C:\TEST\1\CLOACKED-PIXEL-MASTER\PNG_STEGO\ZLIB-1.2.3\PROJECTS\VS2012\WIN32_LIB_DEBUG\ZUTIL.OBJ
C:\TEST\1\CLOACKED-PIXEL-MASTER\PNG_STEGO\ZLIB-1.2.3\PROJECTS\VS2012\WIN32_LIB_DEBUG\VC110.PDB
C:\TEST\1\CLOACKED-PIXEL-MASTER\PNG_STEGO\LIB DEBUG\ZLIB.LIB
C:\TEST\1\CLOACKED-PIXEL-MASTER\PNG_STEGO\ZLIB-1.2.3\PROJECTS\VS2012\LIB DEBUG\ZLIB1.RES
C:\test\1\cloacked-pixel-master\PNG_stego\zlib-1.2.3\projects\VS2012\LIB Debug\cl.command.1.tlog
C:\test\1\cloacked-pixel-master\PNG_stego\zlib-1.2.3\projects\VS2012\LIB Debug\CL.read.1.tlog
C:\test\1\cloacked-pixel-master\PNG_stego\zlib-1.2.3\projects\VS2012\LIB Debug\CL.write.1.tlog
C:\test\1\cloacked-pixel-master\PNG_stego\zlib-1.2.3\projects\VS2012\LIB Debug\Lib-link-cvtres.read.1.tlog
C:\test\1\cloacked-pixel-master\PNG_stego\zlib-1.2.3\projects\VS2012\LIB Debug\Lib-link-cvtres.write.1.tlog
C:\test\1\cloacked-pixel-master\PNG_stego\zlib-1.2.3\projects\VS2012\LIB Debug\Lib-link.read.1.tlog
C:\test\1\cloacked-pixel-master\PNG_stego\zlib-1.2.3\projects\VS2012\LIB Debug\Lib-link.write.1.tlog
C:\test\1\cloacked-pixel-master\PNG_stego\zlib-1.2.3\projects\VS2012\LIB Debug\lib.command.1.tlog
C:\test\1\cloacked-pixel-master\PNG_stego\zlib-1.2.3\projects\VS2012\LIB Debug\rc.command.1.tlog
C:\test\1\cloacked-pixel-master\PNG_stego\zlib-1.2.3\projects\VS2012\LIB Debug\rc.read.1.tlog
C:\test\1\cloacked-pixel-master\PNG_stego\zlib-1.2.3\projects\VS2012\LIB Debug\rc.write.1.tlog
C:\test\1\cloacked-pixel-master\PNG_stego\zlib-1.2.3\projects\VS2012\LIB Debug\zlib1.res
C:\test\1\cloacked-pixel-master\PNG_stego\LIB Debug\zlib.lib
