C:\TEST\1\CLOACKED-PIXEL-MASTER\PNG_STEGO\PNG_ENCODE_DECODE\DEBUG\MAIN.OBJ
C:\TEST\1\CLOACKED-PIXEL-MASTER\PNG_STEGO\PNG_ENCODE_DECODE\DEBUG\PNG_FILE.OBJ
C:\TEST\1\CLOACKED-PIXEL-MASTER\PNG_STEGO\PNG_ENCODE_DECODE\DEBUG\VC110.PDB
C:\TEST\1\CLOACKED-PIXEL-MASTER\PNG_STEGO\DEBUG\PNG_ENCODE_DECODE.ILK
C:\TEST\1\CLOACKED-PIXEL-MASTER\PNG_STEGO\DEBUG\PNG_ENCODE_DECODE.EXE
C:\TEST\1\CLOACKED-PIXEL-MASTER\PNG_STEGO\DEBUG\PNG_ENCODE_DECODE.PDB
C:\test\1\cloacked-pixel-master\PNG_stego\PNG_encode_decode\Debug\main.obj
C:\test\1\cloacked-pixel-master\PNG_stego\PNG_encode_decode\Debug\PNG_file.obj
C:\test\1\cloacked-pixel-master\PNG_stego\PNG_encode_decode\Debug\cl.command.1.tlog
C:\test\1\cloacked-pixel-master\PNG_stego\PNG_encode_decode\Debug\CL.read.1.tlog
C:\test\1\cloacked-pixel-master\PNG_stego\PNG_encode_decode\Debug\CL.write.1.tlog
C:\test\1\cloacked-pixel-master\PNG_stego\PNG_encode_decode\Debug\link-cvtres.read.1.tlog
C:\test\1\cloacked-pixel-master\PNG_stego\PNG_encode_decode\Debug\link-cvtres.write.1.tlog
C:\test\1\cloacked-pixel-master\PNG_stego\PNG_encode_decode\Debug\link-rc.read.1.tlog
C:\test\1\cloacked-pixel-master\PNG_stego\PNG_encode_decode\Debug\link-rc.write.1.tlog
C:\test\1\cloacked-pixel-master\PNG_stego\PNG_encode_decode\Debug\link.command.1.tlog
C:\test\1\cloacked-pixel-master\PNG_stego\PNG_encode_decode\Debug\link.read.1.tlog
C:\test\1\cloacked-pixel-master\PNG_stego\PNG_encode_decode\Debug\link.write.1.tlog
C:\test\1\cloacked-pixel-master\PNG_stego\PNG_encode_decode\Debug\vc110.idb
C:\test\1\cloacked-pixel-master\PNG_stego\PNG_encode_decode\Debug\vc110.pdb
C:\test\1\cloacked-pixel-master\PNG_stego\Debug\PNG_encode_decode.exe
