C:\TEST\1\CLOACKED-PIXEL-MASTER\PNG_STEGO\LIBPNG-1.2.37-SRC\PROJECTS\VS2012\LIB DEBUG\LIBPNG.PCH
C:\TEST\1\CLOACKED-PIXEL-MASTER\PNG_STEGO\LIBPNG-1.2.37-SRC\PROJECTS\VS2012\LIB DEBUG\PNGERROR.OBJ
C:\TEST\1\CLOACKED-PIXEL-MASTER\PNG_STEGO\LIBPNG-1.2.37-SRC\PROJECTS\VS2012\LIB DEBUG\VC110.PDB
C:\TEST\1\CLOACKED-PIXEL-MASTER\PNG_STEGO\LIBPNG-1.2.37-SRC\PROJECTS\VS2012\LIB DEBUG\PNG.OBJ
C:\TEST\1\CLOACKED-PIXEL-MASTER\PNG_STEGO\LIBPNG-1.2.37-SRC\PROJECTS\VS2012\LIB DEBUG\PNGWUTIL.OBJ
C:\TEST\1\CLOACKED-PIXEL-MASTER\PNG_STEGO\LIBPNG-1.2.37-SRC\PROJECTS\VS2012\LIB DEBUG\PNGWTRAN.OBJ
C:\TEST\1\CLOACKED-PIXEL-MASTER\PNG_STEGO\LIBPNG-1.2.37-SRC\PROJECTS\VS2012\LIB DEBUG\PNGWRITE.OBJ
C:\TEST\1\CLOACKED-PIXEL-MASTER\PNG_STEGO\LIBPNG-1.2.37-SRC\PROJECTS\VS2012\LIB DEBUG\PNGWIO.OBJ
C:\TEST\1\CLOACKED-PIXEL-MASTER\PNG_STEGO\LIBPNG-1.2.37-SRC\PROJECTS\VS2012\LIB DEBUG\PNGTRANS.OBJ
C:\TEST\1\CLOACKED-PIXEL-MASTER\PNG_STEGO\LIBPNG-1.2.37-SRC\PROJECTS\VS2012\LIB DEBUG\PNGSET.OBJ
C:\TEST\1\CLOACKED-PIXEL-MASTER\PNG_STEGO\LIBPNG-1.2.37-SRC\PROJECTS\VS2012\LIB DEBUG\PNGRUTIL.OBJ
C:\TEST\1\CLOACKED-PIXEL-MASTER\PNG_STEGO\LIBPNG-1.2.37-SRC\PROJECTS\VS2012\LIB DEBUG\PNGRTRAN.OBJ
C:\TEST\1\CLOACKED-PIXEL-MASTER\PNG_STEGO\LIBPNG-1.2.37-SRC\PROJECTS\VS2012\LIB DEBUG\PNGRIO.OBJ
C:\TEST\1\CLOACKED-PIXEL-MASTER\PNG_STEGO\LIBPNG-1.2.37-SRC\PROJECTS\VS2012\LIB DEBUG\PNGREAD.OBJ
C:\TEST\1\CLOACKED-PIXEL-MASTER\PNG_STEGO\LIBPNG-1.2.37-SRC\PROJECTS\VS2012\LIB DEBUG\PNGPREAD.OBJ
C:\TEST\1\CLOACKED-PIXEL-MASTER\PNG_STEGO\LIBPNG-1.2.37-SRC\PROJECTS\VS2012\LIB DEBUG\PNGMEM.OBJ
C:\TEST\1\CLOACKED-PIXEL-MASTER\PNG_STEGO\LIBPNG-1.2.37-SRC\PROJECTS\VS2012\LIB DEBUG\PNGGET.OBJ
C:\TEST\1\CLOACKED-PIXEL-MASTER\PNG_STEGO\LIB DEBUG\LIBPNG.LIB
C:\test\1\cloacked-pixel-master\PNG_stego\libpng-1.2.37-src\projects\VS2012\LIB Debug\png.obj
C:\test\1\cloacked-pixel-master\PNG_stego\libpng-1.2.37-src\projects\VS2012\LIB Debug\pngerror.obj
C:\test\1\cloacked-pixel-master\PNG_stego\libpng-1.2.37-src\projects\VS2012\LIB Debug\pngget.obj
C:\test\1\cloacked-pixel-master\PNG_stego\libpng-1.2.37-src\projects\VS2012\LIB Debug\pngmem.obj
C:\test\1\cloacked-pixel-master\PNG_stego\libpng-1.2.37-src\projects\VS2012\LIB Debug\pngpread.obj
C:\test\1\cloacked-pixel-master\PNG_stego\libpng-1.2.37-src\projects\VS2012\LIB Debug\pngread.obj
C:\test\1\cloacked-pixel-master\PNG_stego\libpng-1.2.37-src\projects\VS2012\LIB Debug\pngrio.obj
C:\test\1\cloacked-pixel-master\PNG_stego\libpng-1.2.37-src\projects\VS2012\LIB Debug\pngrtran.obj
C:\test\1\cloacked-pixel-master\PNG_stego\libpng-1.2.37-src\projects\VS2012\LIB Debug\pngrutil.obj
C:\test\1\cloacked-pixel-master\PNG_stego\libpng-1.2.37-src\projects\VS2012\LIB Debug\pngset.obj
C:\test\1\cloacked-pixel-master\PNG_stego\libpng-1.2.37-src\projects\VS2012\LIB Debug\pngtrans.obj
C:\test\1\cloacked-pixel-master\PNG_stego\libpng-1.2.37-src\projects\VS2012\LIB Debug\pngwio.obj
C:\test\1\cloacked-pixel-master\PNG_stego\libpng-1.2.37-src\projects\VS2012\LIB Debug\pngwrite.obj
C:\test\1\cloacked-pixel-master\PNG_stego\libpng-1.2.37-src\projects\VS2012\LIB Debug\pngwtran.obj
C:\test\1\cloacked-pixel-master\PNG_stego\libpng-1.2.37-src\projects\VS2012\LIB Debug\pngwutil.obj
C:\test\1\cloacked-pixel-master\PNG_stego\libpng-1.2.37-src\projects\VS2012\LIB Debug\cl.command.1.tlog
C:\test\1\cloacked-pixel-master\PNG_stego\libpng-1.2.37-src\projects\VS2012\LIB Debug\CL.read.1.tlog
C:\test\1\cloacked-pixel-master\PNG_stego\libpng-1.2.37-src\projects\VS2012\LIB Debug\CL.write.1.tlog
C:\test\1\cloacked-pixel-master\PNG_stego\libpng-1.2.37-src\projects\VS2012\LIB Debug\Lib-link.read.1.tlog
C:\test\1\cloacked-pixel-master\PNG_stego\libpng-1.2.37-src\projects\VS2012\LIB Debug\Lib-link.write.1.tlog
C:\test\1\cloacked-pixel-master\PNG_stego\libpng-1.2.37-src\projects\VS2012\LIB Debug\lib.command.1.tlog
C:\test\1\cloacked-pixel-master\PNG_stego\libpng-1.2.37-src\projects\VS2012\LIB Debug\libpng.pch
C:\test\1\cloacked-pixel-master\PNG_stego\libpng-1.2.37-src\projects\VS2012\LIB Debug\vc110.idb
C:\test\1\cloacked-pixel-master\PNG_stego\libpng-1.2.37-src\projects\VS2012\LIB Debug\vc110.pdb
C:\test\1\cloacked-pixel-master\PNG_stego\LIB Debug\libpng.lib
